# JRE version: OpenJDK Runtime Environment (11.0.13) (build 11.0.13+0-b1751.21-8125866)
# Java VM: OpenJDK 64-Bit Server VM (11.0.13+0-b1751.21-8125866, mixed mode, tiered, compressed oops, g1 gc, windows-amd64)
Heap:
 garbage-first heap   total 471040K, used 275310K [0x0000000080000000, 0x0000000100000000)
  region size 1024K, 7 young (7168K), 7 survivors (7168K)
 Metaspace       used 153540K, capacity 158555K, committed 159664K, reserved 1187840K
  class space    used 18784K, capacity 20559K, committed 20992K, reserved 1048576K
GC Heap History (20 events):
Event: 1213.237 GC heap after
{Heap after GC invocations=202 (full 0):
 garbage-first heap   total 395264K, used 234032K [0x0000000080000000, 0x0000000100000000)
  region size 1024K, 4 young (4096K), 4 survivors (4096K)
 Metaspace       used 153438K, capacity 158456K, committed 159664K, reserved 1187840K
  class space    used 18778K, capacity 20551K, committed 20992K, reserved 1048576K
}
Event: 1213.351 GC heap before
{Heap before GC invocations=202 (full 0):
 garbage-first heap   total 395264K, used 248368K [0x0000000080000000, 0x0000000100000000)
  region size 1024K, 19 young (19456K), 4 survivors (4096K)
 Metaspace       used 153439K, capacity 158456K, committed 159664K, reserved 1187840K
  class space    used 18778K, capacity 20551K, committed 20992K, reserved 1048576K
}
Event: 1213.363 GC heap after
{Heap after GC invocations=203 (full 0):
 garbage-first heap   total 395264K, used 234408K [0x0000000080000000, 0x0000000100000000)
  region size 1024K, 3 young (3072K), 3 survivors (3072K)
 Metaspace       used 153439K, capacity 158456K, committed 159664K, reserved 1187840K
  class space    used 18778K, capacity 20551K, committed 20992K, reserved 1048576K
}
Event: 1214.251 GC heap before
{Heap before GC invocations=203 (full 0):
 garbage-first heap   total 395264K, used 343976K [0x0000000080000000, 0x0000000100000000)
  region size 1024K, 110 young (112640K), 3 survivors (3072K)
 Metaspace       used 153474K, capacity 158471K, committed 159664K, reserved 1187840K
  class space    used 18781K, capacity 20555K, committed 20992K, reserved 1048576K
}
Event: 1214.263 GC heap after
{Heap after GC invocations=204 (full 0):
 garbage-first heap   total 395264K, used 241422K [0x0000000080000000, 0x0000000100000000)
  region size 1024K, 9 young (9216K), 9 survivors (9216K)
 Metaspace       used 153474K, capacity 158471K, committed 159664K, reserved 1187840K
  class space    used 18781K, capacity 20555K, committed 20992K, reserved 1048576K
}
Event: 1215.636 GC heap before
{Heap before GC invocations=205 (full 0):
 garbage-first heap   total 395264K, used 339726K [0x0000000080000000, 0x0000000100000000)
  region size 1024K, 106 young (108544K), 9 survivors (9216K)
 Metaspace       used 153501K, capacity 158544K, committed 159664K, reserved 1187840K
  class space    used 18782K, capacity 20557K, committed 20992K, reserved 1048576K
}
Event: 1215.658 GC heap after
{Heap after GC invocations=206 (full 0):
 garbage-first heap   total 395264K, used 246475K [0x0000000080000000, 0x0000000100000000)
  region size 1024K, 9 young (9216K), 9 survivors (9216K)
 Metaspace       used 153501K, capacity 158544K, committed 159664K, reserved 1187840K
  class space    used 18782K, capacity 20557K, committed 20992K, reserved 1048576K
}
Event: 1215.730 GC heap before
{Heap before GC invocations=206 (full 0):
 garbage-first heap   total 395264K, used 256715K [0x0000000080000000, 0x0000000100000000)
  region size 1024K, 19 young (19456K), 9 survivors (9216K)
 Metaspace       used 153501K, capacity 158544K, committed 159664K, reserved 1187840K
  class space    used 18782K, capacity 20557K, committed 20992K, reserved 1048576K
}
Event: 1215.762 GC heap after
{Heap after GC invocations=207 (full 0):
 garbage-first heap   total 395264K, used 239282K [0x0000000080000000, 0x0000000100000000)
  region size 1024K, 2 young (2048K), 2 survivors (2048K)
 Metaspace       used 153501K, capacity 158544K, committed 159664K, reserved 1187840K
  class space    used 18782K, capacity 20557K, committed 20992K, reserved 1048576K
}
Event: 1216.425 GC heap before
{Heap before GC invocations=207 (full 0):
 garbage-first heap   total 395264K, used 334514K [0x0000000080000000, 0x0000000100000000)
  region size 1024K, 96 young (98304K), 2 survivors (2048K)
 Metaspace       used 153512K, capacity 158548K, committed 159664K, reserved 1187840K
  class space    used 18783K, capacity 20558K, committed 20992K, reserved 1048576K
}
Event: 1216.460 GC heap after
{Heap after GC invocations=208 (full 0):
 garbage-first heap   total 395264K, used 247069K [0x0000000080000000, 0x0000000100000000)
  region size 1024K, 9 young (9216K), 9 survivors (9216K)
 Metaspace       used 153512K, capacity 158548K, committed 159664K, reserved 1187840K
  class space    used 18783K, capacity 20558K, committed 20992K, reserved 1048576K
}
Event: 1217.758 GC heap before
{Heap before GC invocations=209 (full 0):
 garbage-first heap   total 395264K, used 335133K [0x0000000080000000, 0x0000000100000000)
  region size 1024K, 95 young (97280K), 9 survivors (9216K)
 Metaspace       used 153522K, capacity 158555K, committed 159664K, reserved 1187840K
  class space    used 18784K, capacity 20559K, committed 20992K, reserved 1048576K
}
Event: 1217.796 GC heap after
{Heap after GC invocations=210 (full 0):
 garbage-first heap   total 395264K, used 255082K [0x0000000080000000, 0x0000000100000000)
  region size 1024K, 8 young (8192K), 8 survivors (8192K)
 Metaspace       used 153522K, capacity 158555K, committed 159664K, reserved 1187840K
  class space    used 18784K, capacity 20559K, committed 20992K, reserved 1048576K
}
Event: 1217.868 GC heap before
{Heap before GC invocations=210 (full 0):
 garbage-first heap   total 395264K, used 265322K [0x0000000080000000, 0x0000000100000000)
  region size 1024K, 19 young (19456K), 8 survivors (8192K)
 Metaspace       used 153522K, capacity 158555K, committed 159664K, reserved 1187840K
  class space    used 18784K, capacity 20559K, committed 20992K, reserved 1048576K
}
Event: 1217.900 GC heap after
{Heap after GC invocations=211 (full 0):
 garbage-first heap   total 395264K, used 255308K [0x0000000080000000, 0x0000000100000000)
  region size 1024K, 2 young (2048K), 2 survivors (2048K)
 Metaspace       used 153522K, capacity 158555K, committed 159664K, reserved 1187840K
  class space    used 18784K, capacity 20559K, committed 20992K, reserved 1048576K
}
Event: 1218.341 GC heap before
{Heap before GC invocations=211 (full 0):
 garbage-first heap   total 395264K, used 334156K [0x0000000080000000, 0x0000000100000000)
  region size 1024K, 80 young (81920K), 2 survivors (2048K)
 Metaspace       used 153531K, capacity 158555K, committed 159664K, reserved 1187840K
  class space    used 18784K, capacity 20559K, committed 20992K, reserved 1048576K
}
Event: 1218.385 GC heap after
{Heap after GC invocations=212 (full 0):
 garbage-first heap   total 395264K, used 260701K [0x0000000080000000, 0x0000000100000000)
  region size 1024K, 8 young (8192K), 8 survivors (8192K)
 Metaspace       used 153531K, capacity 158555K, committed 159664K, reserved 1187840K
  class space    used 18784K, capacity 20559K, committed 20992K, reserved 1048576K
}
Event: 1219.410 GC heap before
{Heap before GC invocations=212 (full 0):
 garbage-first heap   total 395264K, used 334429K [0x0000000080000000, 0x0000000100000000)
  region size 1024K, 81 young (82944K), 8 survivors (8192K)
 Metaspace       used 153533K, capacity 158555K, committed 159664K, reserved 1187840K
  class space    used 18784K, capacity 20559K, committed 20992K, reserved 1048576K
}
Event: 1219.450 GC heap after
{Heap after GC invocations=213 (full 0):
 garbage-first heap   total 395264K, used 267891K [0x0000000080000000, 0x0000000100000000)
  region size 1024K, 7 young (7168K), 7 survivors (7168K)
 Metaspace       used 153533K, capacity 158555K, committed 159664K, reserved 1187840K
  class space    used 18784K, capacity 20559K, committed 20992K, reserved 1048576K
}
Event: 1220.088 GC heap before
{Heap before GC invocations=214 (full 0):
 garbage-first heap   total 395264K, used 337523K [0x0000000080000000, 0x0000000100000000)
  region size 1024K, 75 young (76800K), 7 survivors (7168K)
 Metaspace       used 153540K, capacity 158555K, committed 159664K, reserved 1187840K
  class space    used 18784K, capacity 20559K, committed 20992K, reserved 1048576K
}

