# JRE version: OpenJDK Runtime Environment (11.0.13) (build 11.0.13+0-b1751.21-8125866)
# Java VM: OpenJDK 64-Bit Server VM (11.0.13+0-b1751.21-8125866, mixed mode, tiered, compressed oops, g1 gc, windows-amd64)
Heap:
 garbage-first heap   total 408576K, used 273828K [0x0000000080000000, 0x0000000100000000)
  region size 1024K, 20 young (20480K), 2 survivors (2048K)
 Metaspace       used 182622K, capacity 187524K, committed 187824K, reserved 1212416K
  class space    used 22768K, capacity 24461K, committed 24576K, reserved 1048576K
GC Heap History (20 events):
Event: 2894.669 GC heap before
{Heap before GC invocations=152 (full 0):
 garbage-first heap   total 339968K, used 275513K [0x0000000080000000, 0x0000000100000000)
  region size 1024K, 74 young (75776K), 1 survivors (1024K)
 Metaspace       used 172672K, capacity 177198K, committed 177328K, reserved 1204224K
  class space    used 21522K, capacity 23029K, committed 23040K, reserved 1048576K
}
Event: 2894.685 GC heap after
{Heap after GC invocations=153 (full 0):
 garbage-first heap   total 339968K, used 205206K [0x0000000080000000, 0x0000000100000000)
  region size 1024K, 4 young (4096K), 4 survivors (4096K)
 Metaspace       used 172672K, capacity 177198K, committed 177328K, reserved 1204224K
  class space    used 21522K, capacity 23029K, committed 23040K, reserved 1048576K
}
Event: 2896.388 GC heap before
{Heap before GC invocations=154 (full 0):
 garbage-first heap   total 339968K, used 278934K [0x0000000080000000, 0x0000000100000000)
  region size 1024K, 77 young (78848K), 4 survivors (4096K)
 Metaspace       used 174458K, capacity 179068K, committed 179248K, reserved 1206272K
  class space    used 21761K, capacity 23335K, committed 23424K, reserved 1048576K
}
Event: 2896.416 GC heap after
{Heap after GC invocations=155 (full 0):
 garbage-first heap   total 339968K, used 220254K [0x0000000080000000, 0x0000000100000000)
  region size 1024K, 10 young (10240K), 10 survivors (10240K)
 Metaspace       used 174458K, capacity 179068K, committed 179248K, reserved 1206272K
  class space    used 21761K, capacity 23335K, committed 23424K, reserved 1048576K
}
Event: 2896.549 GC heap before
{Heap before GC invocations=155 (full 0):
 garbage-first heap   total 339968K, used 226398K [0x0000000080000000, 0x0000000100000000)
  region size 1024K, 16 young (16384K), 10 survivors (10240K)
 Metaspace       used 174657K, capacity 179304K, committed 179504K, reserved 1206272K
  class space    used 21788K, capacity 23371K, committed 23424K, reserved 1048576K
}
Event: 2896.572 GC heap after
{Heap after GC invocations=156 (full 0):
 garbage-first heap   total 339968K, used 214867K [0x0000000080000000, 0x0000000100000000)
  region size 1024K, 2 young (2048K), 2 survivors (2048K)
 Metaspace       used 174657K, capacity 179304K, committed 179504K, reserved 1206272K
  class space    used 21788K, capacity 23371K, committed 23424K, reserved 1048576K
}
Event: 2897.507 GC heap before
{Heap before GC invocations=156 (full 0):
 garbage-first heap   total 339968K, used 278355K [0x0000000080000000, 0x0000000100000000)
  region size 1024K, 64 young (65536K), 2 survivors (2048K)
 Metaspace       used 176236K, capacity 180874K, committed 180912K, reserved 1206272K
  class space    used 21963K, capacity 23546K, committed 23552K, reserved 1048576K
}
Event: 2897.553 GC heap after
{Heap after GC invocations=157 (full 0):
 garbage-first heap   total 339968K, used 227327K [0x0000000080000000, 0x0000000100000000)
  region size 1024K, 8 young (8192K), 8 survivors (8192K)
 Metaspace       used 176236K, capacity 180874K, committed 180912K, reserved 1206272K
  class space    used 21963K, capacity 23546K, committed 23552K, reserved 1048576K
}
Event: 2898.370 GC heap before
{Heap before GC invocations=157 (full 0):
 garbage-first heap   total 339968K, used 281599K [0x0000000080000000, 0x0000000100000000)
  region size 1024K, 61 young (62464K), 8 survivors (8192K)
 Metaspace       used 176725K, capacity 181353K, committed 181552K, reserved 1208320K
  class space    used 22017K, capacity 23619K, committed 23680K, reserved 1048576K
}
Event: 2898.427 GC heap after
{Heap after GC invocations=158 (full 0):
 garbage-first heap   total 339968K, used 237377K [0x0000000080000000, 0x0000000100000000)
  region size 1024K, 8 young (8192K), 8 survivors (8192K)
 Metaspace       used 176725K, capacity 181353K, committed 181552K, reserved 1208320K
  class space    used 22017K, capacity 23619K, committed 23680K, reserved 1048576K
}
Event: 2898.864 GC heap before
{Heap before GC invocations=159 (full 0):
 garbage-first heap   total 339968K, used 284481K [0x0000000080000000, 0x0000000100000000)
  region size 1024K, 54 young (55296K), 8 survivors (8192K)
 Metaspace       used 177279K, capacity 181944K, committed 182192K, reserved 1208320K
  class space    used 22119K, capacity 23730K, committed 23808K, reserved 1048576K
}
Event: 2898.928 GC heap after
{Heap after GC invocations=160 (full 0):
 garbage-first heap   total 339968K, used 246603K [0x0000000080000000, 0x0000000100000000)
  region size 1024K, 7 young (7168K), 7 survivors (7168K)
 Metaspace       used 177279K, capacity 181944K, committed 182192K, reserved 1208320K
  class space    used 22119K, capacity 23730K, committed 23808K, reserved 1048576K
}
Event: 2898.978 GC heap before
{Heap before GC invocations=160 (full 0):
 garbage-first heap   total 339968K, used 255819K [0x0000000080000000, 0x0000000100000000)
  region size 1024K, 16 young (16384K), 7 survivors (7168K)
 Metaspace       used 177366K, capacity 182017K, committed 182192K, reserved 1208320K
  class space    used 22130K, capacity 23733K, committed 23808K, reserved 1048576K
}
Event: 2899.018 GC heap after
{Heap after GC invocations=161 (full 0):
 garbage-first heap   total 408576K, used 247807K [0x0000000080000000, 0x0000000100000000)
  region size 1024K, 2 young (2048K), 2 survivors (2048K)
 Metaspace       used 177366K, capacity 182017K, committed 182192K, reserved 1208320K
  class space    used 22130K, capacity 23733K, committed 23808K, reserved 1048576K
}
Event: 2900.459 GC heap before
{Heap before GC invocations=161 (full 0):
 garbage-first heap   total 408576K, used 316415K [0x0000000080000000, 0x0000000100000000)
  region size 1024K, 69 young (70656K), 2 survivors (2048K)
 Metaspace       used 180360K, capacity 185209K, committed 185520K, reserved 1210368K
  class space    used 22588K, capacity 24261K, committed 24320K, reserved 1048576K
}
Event: 2900.492 GC heap after
{Heap after GC invocations=162 (full 0):
 garbage-first heap   total 408576K, used 254975K [0x0000000080000000, 0x0000000100000000)
  region size 1024K, 9 young (9216K), 9 survivors (9216K)
 Metaspace       used 180360K, capacity 185209K, committed 185520K, reserved 1210368K
  class space    used 22588K, capacity 24261K, committed 24320K, reserved 1048576K
}
Event: 2902.719 GC heap before
{Heap before GC invocations=163 (full 0):
 garbage-first heap   total 408576K, used 323583K [0x0000000080000000, 0x0000000100000000)
  region size 1024K, 76 young (77824K), 9 survivors (9216K)
 Metaspace       used 182067K, capacity 186951K, committed 187184K, reserved 1212416K
  class space    used 22714K, capacity 24401K, committed 24448K, reserved 1048576K
}
Event: 2902.748 GC heap after
{Heap after GC invocations=164 (full 0):
 garbage-first heap   total 408576K, used 256011K [0x0000000080000000, 0x0000000100000000)
  region size 1024K, 2 young (2048K), 2 survivors (2048K)
 Metaspace       used 182067K, capacity 186951K, committed 187184K, reserved 1212416K
  class space    used 22714K, capacity 24401K, committed 24448K, reserved 1048576K
}
Event: 2903.476 GC heap before
{Heap before GC invocations=164 (full 0):
 garbage-first heap   total 408576K, used 326667K [0x0000000080000000, 0x0000000100000000)
  region size 1024K, 71 young (72704K), 2 survivors (2048K)
 Metaspace       used 182576K, capacity 187458K, committed 187824K, reserved 1212416K
  class space    used 22761K, capacity 24461K, committed 24576K, reserved 1048576K
}
Event: 2903.486 GC heap after
{Heap after GC invocations=165 (full 0):
 garbage-first heap   total 408576K, used 256420K [0x0000000080000000, 0x0000000100000000)
  region size 1024K, 2 young (2048K), 2 survivors (2048K)
 Metaspace       used 182576K, capacity 187458K, committed 187824K, reserved 1212416K
  class space    used 22761K, capacity 24461K, committed 24576K, reserved 1048576K
}

